Info: GOMC Version 2.11
Info: Start Time: Wed Nov  8 18:17:41 2017
Info: Host Name: potoff4.eng.wayne.edu
CPU information:
Info: Total number of CPUs: 8
Info: Total number of CPUs available: 8
Info: Model name: Intel(R) Xeon(R) CPU           X5355  @ 2.66GHz
Info: System name: Linux
Info: Release: 3.10.0-514.el7.x86_64
Info: Version: #1 SMP Thu Nov 3 15:10:49 CDT 2016
Info: Kernel Architecture: x86_64
Info: Total Ram: 7822.0MB
Info: Used Ram: 6795.7MB
Info: Working in the current directory: /home4/younes/Desktop/Optimization/Argon/temp_100/Liq
Info: GOMC COMPILED TO RUN ISOBARIC-ISOTHERMAL ENSEMBLE.
Info: Number of threads                  1 

Reading Input File:                      in.conf
Info: Restart simulation                 Active 
Info: Random seed                        Active 
Info: PARAMETER file: EXOTIC format!
Info: Input Pressure                     3.2377 bar
Info: Input Temperature                  100.0000 K
Info: Non-truncated potential            Active 
Info: Long Range Correction              Active 
Info: Cutoff                             10.0000 A
Info: Exclude                            ONE-FOUR 
Warning: Modified 1-4 VDW parameters will be ignored!
Info: Pressure calculation               Inactive 
Info: Total number of steps              5000000 
Info: Number of equilibration steps      1000000 
Info: Move adjustment frequency          1000 
Info: Displacement move frequency        0.4900 
Info: Rotation move frequency            0.3000 
Info: Molecule swap move frequency       0.0000 
Info: Volume move frequency              0.0100 
Info: Intra-Swap move frequency          0.2000 
Info: Simulation dimension of box        0: 38.7000 38.7000 38.7000 
Info: Output name                        argon_115_00_K 
Info: Coordinate frequency               1000000 
Info: Restart frequency                  1000000 
Info: Console output frequency           100000 
Info: Average output frequency           100000 
Warning: Unknown input FluctuationFreq!
Default: Short Range Cutoff              1.0000 
Warning: 1-4 Electrostatic scaling set, but will be ignored.
Note: Pressure Calculation Inactived. Pressure average output will be ignored.
Note: Pressure Calculation Inactived. Pressure output will be ignored.
Finished Reading Input File:             in.conf

Reading from EXOTIC Parameter File:     Par_Vrabec01_Noble_Gases_Exotic.inp
Finished reading EXOTIC Parameter File:     Par_Vrabec01_Noble_Gases_Exotic.inp
Reading from system PDB coordinate file:     STEP3_START_AR_sys_BOX_0.pdb
Finished reading system PDB coordinate file:     STEP3_START_AR_sys_BOX_0.pdb
Random number seed: 74559925

Molecules in PSF:
Molecule Kind: AR
Idx	name	type	charge	mass
0	AR	AR	0.0000	39.9480

Bonds:

Angles:

Dihedrals:

Bonds parameter:
Atom Types                    Kb(K)                b0(A) 

Angles parameter:
Atom Types                Ktheta(K)       theta0(degree) 

Dihedrals parameter:
Atom Types                  Kchi(K)    n   delta(degree) 

Minimum coordinates in box 1: x =    0.000, y =    0.000, z =    0.000
Maximum coordinates in box 1: x =   37.000, y =   37.000, z =   37.000
Wrapping molecules inside the simulation box 1:

################################################################################
########################## INITIAL SIMULATION ENERGY ###########################

ETITLE:     STEP           TOTAL        INTRA(B)       INTRA(NB)       INTER(LJ)             LRC     TOTAL_ELECT            REAL           RECIP            SELF            CORR

ENER_0:        0          0.0000          0.0000          0.0000          0.0000          0.0000          0.0000          0.0000          0.0000          0.0000         -0.0000

STITLE:     STEP          VOLUME        TOTALMOL     TOT_DENSITY

STAT_0:        0      57960.6030            1000       1144.4881

################################################################################
############################# STARTING SIMULATION ##############################

MTITLE:     STEP          DISTRY       DISACCEPT      DISACCEPT%          DISMAX          ROTATE       ROTACCEPT      ROTACCEPT%          ROTMAX       INTRASWAP       INTACCEPT      INTACCEPT%          VOLUME       VOLACCEPT      VOLACCEPT%          VOLMAX

ETITLE:     STEP           TOTAL        INTRA(B)       INTRA(NB)       INTER(LJ)             LRC     TOTAL_ELECT            REAL           RECIP            SELF            CORR

STITLE:     STEP          VOLUME        TOTALMOL     TOT_DENSITY

Printed combined psf to file argon_115_00_K_merged.psf
MOVE_0:   100000           79010           79010        100.0000         43.9036               0               0          0.0000          0.7854           20054           20054        100.0000             936             510         54.4872       3126.2606

ENER_0:   100000          0.0000          0.0000          0.0000          0.0000          0.0000          0.0000          0.0000          0.0000          0.0000          0.0000

STAT_0:   100000     677004.6602            1000         97.9834

Steps/sec. : 15439.1079
MOVE_0:   200000          158129          158129        100.0000         81.9495               0               0          0.0000          0.7854           39934           39934        100.0000            1937            1062         54.8271     573625.3559

ENER_0:   200000          0.0000          0.0000          0.0000          0.0000          0.0000          0.0000          0.0000          0.0000          0.0000          0.0000

STAT_0:   200000    4402800.9874            1000         15.0666

Steps/sec. : 56848.9016
MOVE_0:   300000          237133          237133        100.0000         80.5060               0               0          0.0000          0.7854           60000           60000        100.0000            2867            1549         54.0286     489148.4670

ENER_0:   300000          0.0000          0.0000          0.0000          0.0000          0.0000          0.0000          0.0000          0.0000          0.0000          0.0000

STAT_0:   300000    4174215.7635            1000         15.8917

Steps/sec. : 55295.2068
MOVE_0:   400000          315989          315989        100.0000         82.0679               0               0          0.0000          0.7854           80142           80142        100.0000            3869            2076         53.6573     644507.8742

ENER_0:   400000          0.0000          0.0000          0.0000          0.0000          0.0000          0.0000          0.0000          0.0000          0.0000          0.0000

STAT_0:   400000    4421910.3846            1000         15.0015

Steps/sec. : 53482.1988
MOVE_0:   500000          394833          394833        100.0000         81.6372               0               0          0.0000          0.7854          100263          100263        100.0000            4904            2628         53.5889     272983.5127

ENER_0:   500000          0.0000          0.0000          0.0000          0.0000          0.0000          0.0000          0.0000          0.0000          0.0000          0.0000

STAT_0:   500000    4352661.9255            1000         15.2402

Steps/sec. : 51173.9570
MOVE_0:   600000          473704          473704        100.0000         80.8075               0               0          0.0000          0.7854          120336          120336        100.0000            5960            3208         53.8255     547926.2904

ENER_0:   600000          0.0000          0.0000          0.0000          0.0000          0.0000          0.0000          0.0000          0.0000          0.0000          0.0000

STAT_0:   600000    4221288.5317            1000         15.7144

Steps/sec. : 53790.3066
MOVE_0:   700000          552742          552742        100.0000         79.9887               0               0          0.0000          0.7854          140325          140325        100.0000            6933            3738         53.9161     414785.5110

ENER_0:   700000          0.0000          0.0000          0.0000          0.0000          0.0000          0.0000          0.0000          0.0000          0.0000          0.0000

STAT_0:   700000    4094257.7295            1000         16.2020

Steps/sec. : 55921.7494
MOVE_0:   800000          631658          631658        100.0000         80.3282               0               0          0.0000          0.7854          160341          160341        100.0000            8001            4301         53.7558     264834.2733

ENER_0:   800000          0.0000          0.0000          0.0000          0.0000          0.0000          0.0000          0.0000          0.0000          0.0000          0.0000

STAT_0:   800000    4146618.1721            1000         15.9974

Steps/sec. : 55148.7429
MOVE_0:   900000          710620          710620        100.0000         80.8165               0               0          0.0000          0.7854          180373          180373        100.0000            9007            4855         53.9025     456764.4063

ENER_0:   900000          0.0000          0.0000          0.0000          0.0000          0.0000          0.0000          0.0000          0.0000          0.0000          0.0000

STAT_0:   900000    4222700.9137            1000         15.7092

Steps/sec. : 55688.4023
MOVE_0:  1000000          789612          789612        100.0000         80.9015               0               0          0.0000          0.7854          200331          200331        100.0000           10057            5421         53.9028     213337.7693

ENER_0:  1000000          0.0000          0.0000          0.0000          0.0000          0.0000          0.0000          0.0000          0.0000          0.0000          0.0000

STAT_0:  1000000    4236035.5748            1000         15.6597

Steps/sec. : 49650.1187
